\BOOKMARK [1][-]{section.1}{Pr\351ambule}{}% 1
\BOOKMARK [1][-]{section.2}{Introduction}{}% 2
\BOOKMARK [1][-]{section.3}{Approche na\357ve}{}% 3
\BOOKMARK [2][-]{subsection.3.1}{Question 1 : somme sur un ensemble}{section.3}% 4
\BOOKMARK [2][-]{subsection.3.2}{Question 2 : g\351n\351ration des parties d'un ensemble}{section.3}% 5
\BOOKMARK [2][-]{subsection.3.3}{Question 3 : r\351solution de SUBSET\137SUM\137OPT par force brute}{section.3}% 6
\BOOKMARK [1][-]{section.4}{Approche plus directe}{}% 7
\BOOKMARK [2][-]{subsection.4.1}{Question 4 : sommes atteignables}{section.4}% 8
\BOOKMARK [2][-]{subsection.4.2}{Question 5 : r\351solution de SUBSET\137SUM\137OPT}{section.4}% 9
\BOOKMARK [1][-]{section.5}{Approche avec nettoyage}{}% 10
\BOOKMARK [2][-]{subsection.5.1}{Question 6 : fonction clean\137up}{section.5}% 11
\BOOKMARK [2][-]{subsection.5.2}{Question 7 : r\351solution de SUBSET\137SUM\137OPT}{section.5}% 12
\BOOKMARK [1][-]{section.6}{Approche de type Diviser pour r\351gner}{}% 13
\BOOKMARK [2][-]{subsection.6.1}{Question 8 : is\137feasible}{section.6}% 14
\BOOKMARK [2][-]{subsection.6.2}{Question 9 : best\137feasible}{section.6}% 15
\BOOKMARK [2][-]{subsection.6.3}{Question 10 : r\351solution de SUBSET\137SUM\137OPT}{section.6}% 16
\BOOKMARK [1][-]{section.7}{Comparaison des approches et am\351liorations}{}% 17
\BOOKMARK [2][-]{subsection.7.1}{Question 11/12}{section.7}% 18
\BOOKMARK [2][-]{subsection.7.2}{Question 13 : Bonus}{section.7}% 19
\BOOKMARK [2][-]{subsection.7.3}{Illustration}{section.7}% 20
\BOOKMARK [1][-]{section.8}{Conclusion}{}% 21
\BOOKMARK [1][-]{section.9}{R\351f\351rences}{}% 22
